2.18.29: Pulling from bioslimcontainers/picard
9fa17f107b7e: Pulling fs layer
a7769d3ada48: Pulling fs layer
01d185cf1bb6: Pulling fs layer
8fdd4e8dc22b: Pulling fs layer
8fdd4e8dc22b: Waiting
01d185cf1bb6: Verifying Checksum
01d185cf1bb6: Download complete
9fa17f107b7e: Verifying Checksum
9fa17f107b7e: Download complete
8fdd4e8dc22b: Download complete
a7769d3ada48: Verifying Checksum
a7769d3ada48: Download complete
9fa17f107b7e: Pull complete
a7769d3ada48: Pull complete
01d185cf1bb6: Pull complete
8fdd4e8dc22b: Pull complete
Digest: sha256:59ec926ac25b3f39cb0a568ddbda247b646d2e505c288b0624d6ad6c1d4567e1
Status: Downloaded newer image for bioslimcontainers/picard:2.18.29
docker.io/bioslimcontainers/picard:2.18.29
INFO	2022-04-24 10:52:12	FastqToSam	

********** NOTE: Picard's command line syntax is changing.
**********
********** For more information, please see:
********** https://github.com/broadinstitute/picard/wiki/Command-Line-Syntax-Transition-For-Users-(Pre-Transition)
**********
********** The command line looks like this in the new syntax:
**********
**********    FastqToSam -F1 /storage1/fs1/aadel/Active/abul/EM-seq_yale_cfDNA_1st_batch/portal-us.medgenome.com/P2003746_04072022/FASTQ/YUBIFO-15-3368_R1.fastq.gz -F2 /storage1/fs1/aadel/Active/abul/EM-seq_yale_cfDNA_1st_batch/portal-us.medgenome.com/P2003746_04072022/FASTQ/YUBIFO-15-3368_R2.fastq.gz -O /storage1/fs1/aadel/Active/abul/EM-seq_yale_cfDNA_1st_batch/bamfiles/bamfiles_allbams/YUBIFO-15-3368/YUBIFO-15-3368.bam -SM YUBIFO-15-3368 -TMP_DIR /storage1/fs1/aadel/Active/abul/TempForbamfiles
**********


10:52:12.835 INFO  NativeLibraryLoader - Loading libgkl_compression.so from jar:file:/opt/picard.jar!/com/intel/gkl/native/libgkl_compression.so
[Sun Apr 24 10:52:12 UTC 2022] FastqToSam FASTQ=/storage1/fs1/aadel/Active/abul/EM-seq_yale_cfDNA_1st_batch/portal-us.medgenome.com/P2003746_04072022/FASTQ/YUBIFO-15-3368_R1.fastq.gz FASTQ2=/storage1/fs1/aadel/Active/abul/EM-seq_yale_cfDNA_1st_batch/portal-us.medgenome.com/P2003746_04072022/FASTQ/YUBIFO-15-3368_R2.fastq.gz OUTPUT=/storage1/fs1/aadel/Active/abul/EM-seq_yale_cfDNA_1st_batch/bamfiles/bamfiles_allbams/YUBIFO-15-3368/YUBIFO-15-3368.bam SAMPLE_NAME=YUBIFO-15-3368 TMP_DIR=[/storage1/fs1/aadel/Active/abul/TempForbamfiles]    USE_SEQUENTIAL_FASTQS=false READ_GROUP_NAME=A SORT_ORDER=queryname MIN_Q=0 MAX_Q=93 STRIP_UNPAIRED_MATE_NUMBER=false ALLOW_AND_IGNORE_EMPTY_LINES=false VERBOSITY=INFO QUIET=false VALIDATION_STRINGENCY=STRICT COMPRESSION_LEVEL=5 MAX_RECORDS_IN_RAM=500000 CREATE_INDEX=false CREATE_MD5_FILE=false GA4GH_CLIENT_SECRETS=client_secrets.json USE_JDK_DEFLATER=false USE_JDK_INFLATER=false
[Sun Apr 24 10:52:12 UTC 2022] Executing as ausmani@compute1-exec-188.ris.wustl.edu on Linux 3.10.0-957.21.3.el7.x86_64 amd64; OpenJDK 64-Bit Server VM 1.8.0_202-b08; Deflater: Intel; Inflater: Intel; Provider GCS is not available; Picard version: 2.18.29-SNAPSHOT
INFO	2022-04-24 10:52:13	FastqToSam	Auto-detected quality format as: Standard.
INFO	2022-04-24 10:52:20	FastqToSam	Processed     1,000,000 records.  Elapsed time: 00:00:06s.  Time for last 1,000,000:    6s.  Last read position: */*
INFO	2022-04-24 10:52:36	FastqToSam	Processed     2,000,000 records.  Elapsed time: 00:00:22s.  Time for last 1,000,000:   15s.  Last read position: */*
INFO	2022-04-24 10:52:43	FastqToSam	Processed     3,000,000 records.  Elapsed time: 00:00:30s.  Time for last 1,000,000:    7s.  Last read position: */*
INFO	2022-04-24 10:52:51	FastqToSam	Processed     4,000,000 records.  Elapsed time: 00:00:37s.  Time for last 1,000,000:    7s.  Last read position: */*
INFO	2022-04-24 10:52:58	FastqToSam	Processed     5,000,000 records.  Elapsed time: 00:00:45s.  Time for last 1,000,000:    7s.  Last read position: */*
INFO	2022-04-24 10:53:06	FastqToSam	Processed     6,000,000 records.  Elapsed time: 00:00:52s.  Time for last 1,000,000:    7s.  Last read position: */*
INFO	2022-04-24 10:53:13	FastqToSam	Processed     7,000,000 records.  Elapsed time: 00:01:00s.  Time for last 1,000,000:    7s.  Last read position: */*
INFO	2022-04-24 10:53:21	FastqToSam	Processed     8,000,000 records.  Elapsed time: 00:01:07s.  Time for last 1,000,000:    7s.  Last read position: */*
INFO	2022-04-24 10:53:28	FastqToSam	Processed     9,000,000 records.  Elapsed time: 00:01:15s.  Time for last 1,000,000:    7s.  Last read position: */*
INFO	2022-04-24 10:53:36	FastqToSam	Processed    10,000,000 records.  Elapsed time: 00:01:23s.  Time for last 1,000,000:    7s.  Last read position: */*
INFO	2022-04-24 10:53:44	FastqToSam	Processed    11,000,000 records.  Elapsed time: 00:01:30s.  Time for last 1,000,000:    7s.  Last read position: */*
INFO	2022-04-24 10:53:51	FastqToSam	Processed    12,000,000 records.  Elapsed time: 00:01:38s.  Time for last 1,000,000:    7s.  Last read position: */*
INFO	2022-04-24 10:53:59	FastqToSam	Processed    13,000,000 records.  Elapsed time: 00:01:46s.  Time for last 1,000,000:    7s.  Last read position: */*
INFO	2022-04-24 10:54:07	FastqToSam	Processed    14,000,000 records.  Elapsed time: 00:01:53s.  Time for last 1,000,000:    7s.  Last read position: */*
INFO	2022-04-24 10:54:14	FastqToSam	Processed    15,000,000 records.  Elapsed time: 00:02:01s.  Time for last 1,000,000:    7s.  Last read position: */*
INFO	2022-04-24 10:54:22	FastqToSam	Processed    16,000,000 records.  Elapsed time: 00:02:08s.  Time for last 1,000,000:    7s.  Last read position: */*
INFO	2022-04-24 10:54:30	FastqToSam	Processed    17,000,000 records.  Elapsed time: 00:02:16s.  Time for last 1,000,000:    7s.  Last read position: */*
INFO	2022-04-24 10:54:38	FastqToSam	Processed    18,000,000 records.  Elapsed time: 00:02:25s.  Time for last 1,000,000:    8s.  Last read position: */*
INFO	2022-04-24 10:54:46	FastqToSam	Processed    19,000,000 records.  Elapsed time: 00:02:32s.  Time for last 1,000,000:    7s.  Last read position: */*
INFO	2022-04-24 10:54:54	FastqToSam	Processed    20,000,000 records.  Elapsed time: 00:02:40s.  Time for last 1,000,000:    8s.  Last read position: */*
INFO	2022-04-24 10:55:02	FastqToSam	Processed    21,000,000 records.  Elapsed time: 00:02:48s.  Time for last 1,000,000:    7s.  Last read position: */*
INFO	2022-04-24 10:55:10	FastqToSam	Processed    22,000,000 records.  Elapsed time: 00:02:56s.  Time for last 1,000,000:    7s.  Last read position: */*
INFO	2022-04-24 10:55:17	FastqToSam	Processed    23,000,000 records.  Elapsed time: 00:03:04s.  Time for last 1,000,000:    7s.  Last read position: */*
INFO	2022-04-24 10:55:25	FastqToSam	Processed    24,000,000 records.  Elapsed time: 00:03:12s.  Time for last 1,000,000:    7s.  Last read position: */*
INFO	2022-04-24 10:55:33	FastqToSam	Processed    25,000,000 records.  Elapsed time: 00:03:19s.  Time for last 1,000,000:    7s.  Last read position: */*
INFO	2022-04-24 10:55:42	FastqToSam	Processed    26,000,000 records.  Elapsed time: 00:03:28s.  Time for last 1,000,000:    9s.  Last read position: */*
INFO	2022-04-24 10:55:49	FastqToSam	Processed    27,000,000 records.  Elapsed time: 00:03:36s.  Time for last 1,000,000:    7s.  Last read position: */*
INFO	2022-04-24 10:55:57	FastqToSam	Processed    28,000,000 records.  Elapsed time: 00:03:44s.  Time for last 1,000,000:    7s.  Last read position: */*
INFO	2022-04-24 10:56:05	FastqToSam	Processed    29,000,000 records.  Elapsed time: 00:03:52s.  Time for last 1,000,000:    7s.  Last read position: */*
INFO	2022-04-24 10:56:13	FastqToSam	Processed    30,000,000 records.  Elapsed time: 00:04:00s.  Time for last 1,000,000:    7s.  Last read position: */*
INFO	2022-04-24 10:56:21	FastqToSam	Processed    31,000,000 records.  Elapsed time: 00:04:07s.  Time for last 1,000,000:    7s.  Last read position: */*
INFO	2022-04-24 10:56:29	FastqToSam	Processed    32,000,000 records.  Elapsed time: 00:04:15s.  Time for last 1,000,000:    7s.  Last read position: */*
INFO	2022-04-24 10:56:36	FastqToSam	Processed    33,000,000 records.  Elapsed time: 00:04:23s.  Time for last 1,000,000:    7s.  Last read position: */*
INFO	2022-04-24 10:56:44	FastqToSam	Processed    34,000,000 records.  Elapsed time: 00:04:31s.  Time for last 1,000,000:    7s.  Last read position: */*
INFO	2022-04-24 10:56:52	FastqToSam	Processed    35,000,000 records.  Elapsed time: 00:04:39s.  Time for last 1,000,000:    7s.  Last read position: */*
INFO	2022-04-24 10:57:00	FastqToSam	Processed    36,000,000 records.  Elapsed time: 00:04:47s.  Time for last 1,000,000:    7s.  Last read position: */*
INFO	2022-04-24 10:57:08	FastqToSam	Processed    37,000,000 records.  Elapsed time: 00:04:54s.  Time for last 1,000,000:    7s.  Last read position: */*
INFO	2022-04-24 10:57:16	FastqToSam	Processed    38,000,000 records.  Elapsed time: 00:05:02s.  Time for last 1,000,000:    7s.  Last read position: */*
INFO	2022-04-24 10:57:23	FastqToSam	Processed    39,000,000 records.  Elapsed time: 00:05:10s.  Time for last 1,000,000:    7s.  Last read position: */*
INFO	2022-04-24 10:57:31	FastqToSam	Processed    40,000,000 records.  Elapsed time: 00:05:18s.  Time for last 1,000,000:    7s.  Last read position: */*
INFO	2022-04-24 10:57:39	FastqToSam	Processed    41,000,000 records.  Elapsed time: 00:05:26s.  Time for last 1,000,000:    7s.  Last read position: */*
INFO	2022-04-24 10:57:47	FastqToSam	Processed    42,000,000 records.  Elapsed time: 00:05:33s.  Time for last 1,000,000:    7s.  Last read position: */*
INFO	2022-04-24 10:57:54	FastqToSam	Processed    43,000,000 records.  Elapsed time: 00:05:41s.  Time for last 1,000,000:    7s.  Last read position: */*
INFO	2022-04-24 10:58:02	FastqToSam	Processed    44,000,000 records.  Elapsed time: 00:05:49s.  Time for last 1,000,000:    7s.  Last read position: */*
INFO	2022-04-24 10:58:10	FastqToSam	Processed    45,000,000 records.  Elapsed time: 00:05:57s.  Time for last 1,000,000:    7s.  Last read position: */*
INFO	2022-04-24 10:58:18	FastqToSam	Processed    46,000,000 records.  Elapsed time: 00:06:04s.  Time for last 1,000,000:    7s.  Last read position: */*
INFO	2022-04-24 10:58:25	FastqToSam	Processed    47,000,000 records.  Elapsed time: 00:06:12s.  Time for last 1,000,000:    7s.  Last read position: */*
INFO	2022-04-24 10:58:33	FastqToSam	Processed    48,000,000 records.  Elapsed time: 00:06:20s.  Time for last 1,000,000:    7s.  Last read position: */*
INFO	2022-04-24 10:58:41	FastqToSam	Processed    49,000,000 records.  Elapsed time: 00:06:28s.  Time for last 1,000,000:    8s.  Last read position: */*
INFO	2022-04-24 10:58:49	FastqToSam	Processed    50,000,000 records.  Elapsed time: 00:06:36s.  Time for last 1,000,000:    7s.  Last read position: */*
INFO	2022-04-24 10:58:57	FastqToSam	Processed    51,000,000 records.  Elapsed time: 00:06:44s.  Time for last 1,000,000:    7s.  Last read position: */*
INFO	2022-04-24 10:59:05	FastqToSam	Processed    52,000,000 records.  Elapsed time: 00:06:52s.  Time for last 1,000,000:    7s.  Last read position: */*
INFO	2022-04-24 10:59:14	FastqToSam	Processed    53,000,000 records.  Elapsed time: 00:07:01s.  Time for last 1,000,000:    9s.  Last read position: */*
INFO	2022-04-24 10:59:22	FastqToSam	Processed    54,000,000 records.  Elapsed time: 00:07:08s.  Time for last 1,000,000:    7s.  Last read position: */*
INFO	2022-04-24 10:59:30	FastqToSam	Processed    55,000,000 records.  Elapsed time: 00:07:16s.  Time for last 1,000,000:    7s.  Last read position: */*
INFO	2022-04-24 10:59:37	FastqToSam	Processed    56,000,000 records.  Elapsed time: 00:07:24s.  Time for last 1,000,000:    7s.  Last read position: */*
INFO	2022-04-24 10:59:45	FastqToSam	Processed    57,000,000 records.  Elapsed time: 00:07:32s.  Time for last 1,000,000:    7s.  Last read position: */*
INFO	2022-04-24 10:59:53	FastqToSam	Processed    58,000,000 records.  Elapsed time: 00:07:40s.  Time for last 1,000,000:    7s.  Last read position: */*
INFO	2022-04-24 11:00:01	FastqToSam	Processed    59,000,000 records.  Elapsed time: 00:07:47s.  Time for last 1,000,000:    7s.  Last read position: */*
INFO	2022-04-24 11:00:08	FastqToSam	Processed    60,000,000 records.  Elapsed time: 00:07:55s.  Time for last 1,000,000:    7s.  Last read position: */*
INFO	2022-04-24 11:00:16	FastqToSam	Processed    61,000,000 records.  Elapsed time: 00:08:03s.  Time for last 1,000,000:    7s.  Last read position: */*
INFO	2022-04-24 11:00:24	FastqToSam	Processed    62,000,000 records.  Elapsed time: 00:08:11s.  Time for last 1,000,000:    7s.  Last read position: */*
INFO	2022-04-24 11:00:32	FastqToSam	Processed    63,000,000 records.  Elapsed time: 00:08:19s.  Time for last 1,000,000:    7s.  Last read position: */*
INFO	2022-04-24 11:00:40	FastqToSam	Processed    64,000,000 records.  Elapsed time: 00:08:26s.  Time for last 1,000,000:    7s.  Last read position: */*
INFO	2022-04-24 11:00:48	FastqToSam	Processed    65,000,000 records.  Elapsed time: 00:08:34s.  Time for last 1,000,000:    8s.  Last read position: */*
INFO	2022-04-24 11:00:55	FastqToSam	Processed    66,000,000 records.  Elapsed time: 00:08:42s.  Time for last 1,000,000:    7s.  Last read position: */*
INFO	2022-04-24 11:01:03	FastqToSam	Processed    67,000,000 records.  Elapsed time: 00:08:50s.  Time for last 1,000,000:    7s.  Last read position: */*
INFO	2022-04-24 11:01:11	FastqToSam	Processed    68,000,000 records.  Elapsed time: 00:08:58s.  Time for last 1,000,000:    7s.  Last read position: */*
INFO	2022-04-24 11:01:19	FastqToSam	Processed    69,000,000 records.  Elapsed time: 00:09:06s.  Time for last 1,000,000:    8s.  Last read position: */*
INFO	2022-04-24 11:01:27	FastqToSam	Processed    70,000,000 records.  Elapsed time: 00:09:14s.  Time for last 1,000,000:    7s.  Last read position: */*
INFO	2022-04-24 11:01:35	FastqToSam	Processed    71,000,000 records.  Elapsed time: 00:09:21s.  Time for last 1,000,000:    7s.  Last read position: */*
INFO	2022-04-24 11:01:42	FastqToSam	Processed    72,000,000 records.  Elapsed time: 00:09:29s.  Time for last 1,000,000:    7s.  Last read position: */*
INFO	2022-04-24 11:01:51	FastqToSam	Processed    73,000,000 records.  Elapsed time: 00:09:37s.  Time for last 1,000,000:    8s.  Last read position: */*
INFO	2022-04-24 11:01:59	FastqToSam	Processed    74,000,000 records.  Elapsed time: 00:09:45s.  Time for last 1,000,000:    7s.  Last read position: */*
INFO	2022-04-24 11:02:06	FastqToSam	Processed    75,000,000 records.  Elapsed time: 00:09:53s.  Time for last 1,000,000:    7s.  Last read position: */*
INFO	2022-04-24 11:02:14	FastqToSam	Processed    76,000,000 records.  Elapsed time: 00:10:01s.  Time for last 1,000,000:    7s.  Last read position: */*
INFO	2022-04-24 11:02:23	FastqToSam	Processed    77,000,000 records.  Elapsed time: 00:10:10s.  Time for last 1,000,000:    8s.  Last read position: */*
INFO	2022-04-24 11:02:31	FastqToSam	Processed    78,000,000 records.  Elapsed time: 00:10:18s.  Time for last 1,000,000:    7s.  Last read position: */*
INFO	2022-04-24 11:02:39	FastqToSam	Processed    79,000,000 records.  Elapsed time: 00:10:25s.  Time for last 1,000,000:    7s.  Last read position: */*
INFO	2022-04-24 11:02:48	FastqToSam	Processed    80,000,000 records.  Elapsed time: 00:10:35s.  Time for last 1,000,000:    9s.  Last read position: */*
INFO	2022-04-24 11:02:56	FastqToSam	Processed    81,000,000 records.  Elapsed time: 00:10:42s.  Time for last 1,000,000:    7s.  Last read position: */*
INFO	2022-04-24 11:03:04	FastqToSam	Processed    82,000,000 records.  Elapsed time: 00:10:50s.  Time for last 1,000,000:    7s.  Last read position: */*
INFO	2022-04-24 11:03:11	FastqToSam	Processed    83,000,000 records.  Elapsed time: 00:10:58s.  Time for last 1,000,000:    7s.  Last read position: */*
INFO	2022-04-24 11:03:19	FastqToSam	Processed    84,000,000 records.  Elapsed time: 00:11:06s.  Time for last 1,000,000:    7s.  Last read position: */*
INFO	2022-04-24 11:03:27	FastqToSam	Processed    85,000,000 records.  Elapsed time: 00:11:14s.  Time for last 1,000,000:    7s.  Last read position: */*
INFO	2022-04-24 11:03:35	FastqToSam	Processed    86,000,000 records.  Elapsed time: 00:11:22s.  Time for last 1,000,000:    7s.  Last read position: */*
INFO	2022-04-24 11:03:43	FastqToSam	Processed    87,000,000 records.  Elapsed time: 00:11:30s.  Time for last 1,000,000:    7s.  Last read position: */*
INFO	2022-04-24 11:03:51	FastqToSam	Processed    88,000,000 records.  Elapsed time: 00:11:38s.  Time for last 1,000,000:    8s.  Last read position: */*
INFO	2022-04-24 11:03:59	FastqToSam	Processed    89,000,000 records.  Elapsed time: 00:11:46s.  Time for last 1,000,000:    7s.  Last read position: */*
INFO	2022-04-24 11:04:07	FastqToSam	Processed    90,000,000 records.  Elapsed time: 00:11:53s.  Time for last 1,000,000:    7s.  Last read position: */*
INFO	2022-04-24 11:04:15	FastqToSam	Processed    91,000,000 records.  Elapsed time: 00:12:01s.  Time for last 1,000,000:    7s.  Last read position: */*
INFO	2022-04-24 11:04:22	FastqToSam	Processed    92,000,000 records.  Elapsed time: 00:12:09s.  Time for last 1,000,000:    7s.  Last read position: */*
INFO	2022-04-24 11:04:30	FastqToSam	Processed    93,000,000 records.  Elapsed time: 00:12:17s.  Time for last 1,000,000:    7s.  Last read position: */*
INFO	2022-04-24 11:04:38	FastqToSam	Processed    94,000,000 records.  Elapsed time: 00:12:25s.  Time for last 1,000,000:    7s.  Last read position: */*
INFO	2022-04-24 11:04:46	FastqToSam	Processed    95,000,000 records.  Elapsed time: 00:12:33s.  Time for last 1,000,000:    7s.  Last read position: */*
INFO	2022-04-24 11:04:54	FastqToSam	Processed    96,000,000 records.  Elapsed time: 00:12:41s.  Time for last 1,000,000:    8s.  Last read position: */*
INFO	2022-04-24 11:05:02	FastqToSam	Processed    97,000,000 records.  Elapsed time: 00:12:49s.  Time for last 1,000,000:    7s.  Last read position: */*
INFO	2022-04-24 11:05:10	FastqToSam	Processed    98,000,000 records.  Elapsed time: 00:12:56s.  Time for last 1,000,000:    7s.  Last read position: */*
INFO	2022-04-24 11:05:18	FastqToSam	Processed    99,000,000 records.  Elapsed time: 00:13:04s.  Time for last 1,000,000:    7s.  Last read position: */*
INFO	2022-04-24 11:05:25	FastqToSam	Processed   100,000,000 records.  Elapsed time: 00:13:12s.  Time for last 1,000,000:    7s.  Last read position: */*
INFO	2022-04-24 11:05:33	FastqToSam	Processed   101,000,000 records.  Elapsed time: 00:13:20s.  Time for last 1,000,000:    7s.  Last read position: */*
INFO	2022-04-24 11:05:41	FastqToSam	Processed   102,000,000 records.  Elapsed time: 00:13:28s.  Time for last 1,000,000:    7s.  Last read position: */*
INFO	2022-04-24 11:05:49	FastqToSam	Processed   103,000,000 records.  Elapsed time: 00:13:36s.  Time for last 1,000,000:    7s.  Last read position: */*
INFO	2022-04-24 11:05:57	FastqToSam	Processed   104,000,000 records.  Elapsed time: 00:13:44s.  Time for last 1,000,000:    7s.  Last read position: */*
INFO	2022-04-24 11:06:05	FastqToSam	Processed   105,000,000 records.  Elapsed time: 00:13:51s.  Time for last 1,000,000:    7s.  Last read position: */*
INFO	2022-04-24 11:06:12	FastqToSam	Processed   106,000,000 records.  Elapsed time: 00:13:59s.  Time for last 1,000,000:    7s.  Last read position: */*
INFO	2022-04-24 11:06:20	FastqToSam	Processed   107,000,000 records.  Elapsed time: 00:14:07s.  Time for last 1,000,000:    7s.  Last read position: */*
INFO	2022-04-24 11:06:28	FastqToSam	Processed   108,000,000 records.  Elapsed time: 00:14:15s.  Time for last 1,000,000:    7s.  Last read position: */*
INFO	2022-04-24 11:06:36	FastqToSam	Processed   109,000,000 records.  Elapsed time: 00:14:22s.  Time for last 1,000,000:    7s.  Last read position: */*
INFO	2022-04-24 11:06:44	FastqToSam	Processed   110,000,000 records.  Elapsed time: 00:14:30s.  Time for last 1,000,000:    7s.  Last read position: */*
INFO	2022-04-24 11:06:52	FastqToSam	Processed   111,000,000 records.  Elapsed time: 00:14:38s.  Time for last 1,000,000:    7s.  Last read position: */*
INFO	2022-04-24 11:07:00	FastqToSam	Processed   112,000,000 records.  Elapsed time: 00:14:47s.  Time for last 1,000,000:    8s.  Last read position: */*
INFO	2022-04-24 11:07:08	FastqToSam	Processed   113,000,000 records.  Elapsed time: 00:14:55s.  Time for last 1,000,000:    7s.  Last read position: */*
INFO	2022-04-24 11:07:16	FastqToSam	Processed   114,000,000 records.  Elapsed time: 00:15:02s.  Time for last 1,000,000:    7s.  Last read position: */*
INFO	2022-04-24 11:07:24	FastqToSam	Processed   115,000,000 records.  Elapsed time: 00:15:10s.  Time for last 1,000,000:    7s.  Last read position: */*
INFO	2022-04-24 11:07:32	FastqToSam	Processed   116,000,000 records.  Elapsed time: 00:15:18s.  Time for last 1,000,000:    8s.  Last read position: */*
INFO	2022-04-24 11:07:41	FastqToSam	Processed   117,000,000 records.  Elapsed time: 00:15:27s.  Time for last 1,000,000:    8s.  Last read position: */*
INFO	2022-04-24 11:07:48	FastqToSam	Processed   118,000,000 records.  Elapsed time: 00:15:35s.  Time for last 1,000,000:    7s.  Last read position: */*
INFO	2022-04-24 11:07:56	FastqToSam	Processed   119,000,000 records.  Elapsed time: 00:15:43s.  Time for last 1,000,000:    7s.  Last read position: */*
INFO	2022-04-24 11:08:04	FastqToSam	Processed   120,000,000 records.  Elapsed time: 00:15:51s.  Time for last 1,000,000:    7s.  Last read position: */*
INFO	2022-04-24 11:08:12	FastqToSam	Processed   121,000,000 records.  Elapsed time: 00:15:58s.  Time for last 1,000,000:    7s.  Last read position: */*
INFO	2022-04-24 11:08:20	FastqToSam	Processed   122,000,000 records.  Elapsed time: 00:16:06s.  Time for last 1,000,000:    7s.  Last read position: */*
INFO	2022-04-24 11:08:27	FastqToSam	Processed   123,000,000 records.  Elapsed time: 00:16:14s.  Time for last 1,000,000:    7s.  Last read position: */*
INFO	2022-04-24 11:08:35	FastqToSam	Processed   124,000,000 records.  Elapsed time: 00:16:22s.  Time for last 1,000,000:    7s.  Last read position: */*
INFO	2022-04-24 11:08:44	FastqToSam	Processed   125,000,000 records.  Elapsed time: 00:16:30s.  Time for last 1,000,000:    8s.  Last read position: */*
INFO	2022-04-24 11:08:51	FastqToSam	Processed   126,000,000 records.  Elapsed time: 00:16:38s.  Time for last 1,000,000:    7s.  Last read position: */*
INFO	2022-04-24 11:08:59	FastqToSam	Processed   127,000,000 records.  Elapsed time: 00:16:46s.  Time for last 1,000,000:    7s.  Last read position: */*
INFO	2022-04-24 11:09:07	FastqToSam	Processed   128,000,000 records.  Elapsed time: 00:16:54s.  Time for last 1,000,000:    7s.  Last read position: */*
INFO	2022-04-24 11:09:15	FastqToSam	Processed   129,000,000 records.  Elapsed time: 00:17:02s.  Time for last 1,000,000:    7s.  Last read position: */*
INFO	2022-04-24 11:09:23	FastqToSam	Processed   130,000,000 records.  Elapsed time: 00:17:09s.  Time for last 1,000,000:    7s.  Last read position: */*
INFO	2022-04-24 11:09:31	FastqToSam	Processed   131,000,000 records.  Elapsed time: 00:17:17s.  Time for last 1,000,000:    7s.  Last read position: */*
INFO	2022-04-24 11:09:38	FastqToSam	Processed   132,000,000 records.  Elapsed time: 00:17:25s.  Time for last 1,000,000:    7s.  Last read position: */*
INFO	2022-04-24 11:09:47	FastqToSam	Processed   133,000,000 records.  Elapsed time: 00:17:33s.  Time for last 1,000,000:    8s.  Last read position: */*
INFO	2022-04-24 11:09:55	FastqToSam	Processed   134,000,000 records.  Elapsed time: 00:17:41s.  Time for last 1,000,000:    7s.  Last read position: */*
INFO	2022-04-24 11:10:03	FastqToSam	Processed   135,000,000 records.  Elapsed time: 00:17:49s.  Time for last 1,000,000:    7s.  Last read position: */*
INFO	2022-04-24 11:10:10	FastqToSam	Processed   136,000,000 records.  Elapsed time: 00:17:57s.  Time for last 1,000,000:    7s.  Last read position: */*
INFO	2022-04-24 11:10:18	FastqToSam	Processed   137,000,000 records.  Elapsed time: 00:18:05s.  Time for last 1,000,000:    7s.  Last read position: */*
INFO	2022-04-24 11:10:26	FastqToSam	Processed   138,000,000 records.  Elapsed time: 00:18:13s.  Time for last 1,000,000:    7s.  Last read position: */*
INFO	2022-04-24 11:10:34	FastqToSam	Processed   139,000,000 records.  Elapsed time: 00:18:20s.  Time for last 1,000,000:    7s.  Last read position: */*
INFO	2022-04-24 11:10:42	FastqToSam	Processed   140,000,000 records.  Elapsed time: 00:18:28s.  Time for last 1,000,000:    7s.  Last read position: */*
INFO	2022-04-24 11:10:50	FastqToSam	Processed   141,000,000 records.  Elapsed time: 00:18:37s.  Time for last 1,000,000:    8s.  Last read position: */*
INFO	2022-04-24 11:10:58	FastqToSam	Processed   142,000,000 records.  Elapsed time: 00:18:45s.  Time for last 1,000,000:    7s.  Last read position: */*
INFO	2022-04-24 11:11:06	FastqToSam	Processed   143,000,000 records.  Elapsed time: 00:18:53s.  Time for last 1,000,000:    7s.  Last read position: */*
INFO	2022-04-24 11:11:14	FastqToSam	Processed   144,000,000 records.  Elapsed time: 00:19:01s.  Time for last 1,000,000:    7s.  Last read position: */*
INFO	2022-04-24 11:11:22	FastqToSam	Processed   145,000,000 records.  Elapsed time: 00:19:09s.  Time for last 1,000,000:    7s.  Last read position: */*
INFO	2022-04-24 11:11:30	FastqToSam	Processed   146,000,000 records.  Elapsed time: 00:19:16s.  Time for last 1,000,000:    7s.  Last read position: */*
INFO	2022-04-24 11:11:38	FastqToSam	Processed   147,000,000 records.  Elapsed time: 00:19:25s.  Time for last 1,000,000:    8s.  Last read position: */*
INFO	2022-04-24 11:11:46	FastqToSam	Processed   148,000,000 records.  Elapsed time: 00:19:32s.  Time for last 1,000,000:    7s.  Last read position: */*
INFO	2022-04-24 11:11:54	FastqToSam	Processed   149,000,000 records.  Elapsed time: 00:19:41s.  Time for last 1,000,000:    8s.  Last read position: */*
INFO	2022-04-24 11:12:02	FastqToSam	Processed   150,000,000 records.  Elapsed time: 00:19:48s.  Time for last 1,000,000:    7s.  Last read position: */*
INFO	2022-04-24 11:12:10	FastqToSam	Processed   151,000,000 records.  Elapsed time: 00:19:56s.  Time for last 1,000,000:    7s.  Last read position: */*
INFO	2022-04-24 11:12:18	FastqToSam	Processed   152,000,000 records.  Elapsed time: 00:20:04s.  Time for last 1,000,000:    7s.  Last read position: */*
INFO	2022-04-24 11:12:25	FastqToSam	Processed   153,000,000 records.  Elapsed time: 00:20:12s.  Time for last 1,000,000:    7s.  Last read position: */*
INFO	2022-04-24 11:12:33	FastqToSam	Processed   154,000,000 records.  Elapsed time: 00:20:20s.  Time for last 1,000,000:    7s.  Last read position: */*
INFO	2022-04-24 11:12:41	FastqToSam	Processed   155,000,000 records.  Elapsed time: 00:20:28s.  Time for last 1,000,000:    7s.  Last read position: */*
INFO	2022-04-24 11:12:49	FastqToSam	Processed   156,000,000 records.  Elapsed time: 00:20:35s.  Time for last 1,000,000:    7s.  Last read position: */*
INFO	2022-04-24 11:12:57	FastqToSam	Processed   157,000,000 records.  Elapsed time: 00:20:44s.  Time for last 1,000,000:    8s.  Last read position: */*
INFO	2022-04-24 11:13:05	FastqToSam	Processed   158,000,000 records.  Elapsed time: 00:20:52s.  Time for last 1,000,000:    7s.  Last read position: */*
INFO	2022-04-24 11:13:13	FastqToSam	Processed   159,000,000 records.  Elapsed time: 00:21:00s.  Time for last 1,000,000:    8s.  Last read position: */*
INFO	2022-04-24 11:13:21	FastqToSam	Processed   160,000,000 records.  Elapsed time: 00:21:08s.  Time for last 1,000,000:    7s.  Last read position: */*
INFO	2022-04-24 11:13:29	FastqToSam	Processed   161,000,000 records.  Elapsed time: 00:21:15s.  Time for last 1,000,000:    7s.  Last read position: */*
INFO	2022-04-24 11:13:36	FastqToSam	Processed   162,000,000 records.  Elapsed time: 00:21:23s.  Time for last 1,000,000:    7s.  Last read position: */*
INFO	2022-04-24 11:13:44	FastqToSam	Processed   163,000,000 records.  Elapsed time: 00:21:31s.  Time for last 1,000,000:    7s.  Last read position: */*
INFO	2022-04-24 11:13:52	FastqToSam	Processed   164,000,000 records.  Elapsed time: 00:21:39s.  Time for last 1,000,000:    8s.  Last read position: */*
INFO	2022-04-24 11:14:01	FastqToSam	Processed   165,000,000 records.  Elapsed time: 00:21:48s.  Time for last 1,000,000:    8s.  Last read position: */*
INFO	2022-04-24 11:14:09	FastqToSam	Processed   166,000,000 records.  Elapsed time: 00:21:55s.  Time for last 1,000,000:    7s.  Last read position: */*
INFO	2022-04-24 11:14:16	FastqToSam	Processed   167,000,000 records.  Elapsed time: 00:22:03s.  Time for last 1,000,000:    7s.  Last read position: */*
INFO	2022-04-24 11:14:24	FastqToSam	Processed   168,000,000 records.  Elapsed time: 00:22:11s.  Time for last 1,000,000:    7s.  Last read position: */*
INFO	2022-04-24 11:14:32	FastqToSam	Processed   169,000,000 records.  Elapsed time: 00:22:19s.  Time for last 1,000,000:    7s.  Last read position: */*
INFO	2022-04-24 11:14:40	FastqToSam	Processed   170,000,000 records.  Elapsed time: 00:22:27s.  Time for last 1,000,000:    8s.  Last read position: */*
INFO	2022-04-24 11:14:48	FastqToSam	Processed   171,000,000 records.  Elapsed time: 00:22:35s.  Time for last 1,000,000:    7s.  Last read position: */*
INFO	2022-04-24 11:14:56	FastqToSam	Processed   172,000,000 records.  Elapsed time: 00:22:43s.  Time for last 1,000,000:    7s.  Last read position: */*
INFO	2022-04-24 11:15:04	FastqToSam	Processed   173,000,000 records.  Elapsed time: 00:22:51s.  Time for last 1,000,000:    8s.  Last read position: */*
INFO	2022-04-24 11:15:12	FastqToSam	Processed   174,000,000 records.  Elapsed time: 00:22:59s.  Time for last 1,000,000:    8s.  Last read position: */*
INFO	2022-04-24 11:15:21	FastqToSam	Processed   175,000,000 records.  Elapsed time: 00:23:07s.  Time for last 1,000,000:    8s.  Last read position: */*
INFO	2022-04-24 11:15:29	FastqToSam	Processed   176,000,000 records.  Elapsed time: 00:23:15s.  Time for last 1,000,000:    7s.  Last read position: */*
INFO	2022-04-24 11:15:36	FastqToSam	Processed   177,000,000 records.  Elapsed time: 00:23:23s.  Time for last 1,000,000:    7s.  Last read position: */*
INFO	2022-04-24 11:15:44	FastqToSam	Processed   178,000,000 records.  Elapsed time: 00:23:31s.  Time for last 1,000,000:    7s.  Last read position: */*
INFO	2022-04-24 11:15:52	FastqToSam	Processed   179,000,000 records.  Elapsed time: 00:23:39s.  Time for last 1,000,000:    7s.  Last read position: */*
INFO	2022-04-24 11:16:01	FastqToSam	Processed   180,000,000 records.  Elapsed time: 00:23:47s.  Time for last 1,000,000:    8s.  Last read position: */*
INFO	2022-04-24 11:16:08	FastqToSam	Processed   181,000,000 records.  Elapsed time: 00:23:55s.  Time for last 1,000,000:    7s.  Last read position: */*
INFO	2022-04-24 11:16:18	FastqToSam	Processed   182,000,000 records.  Elapsed time: 00:24:04s.  Time for last 1,000,000:    9s.  Last read position: */*
INFO	2022-04-24 11:16:25	FastqToSam	Processed   183,000,000 records.  Elapsed time: 00:24:12s.  Time for last 1,000,000:    7s.  Last read position: */*
INFO	2022-04-24 11:16:33	FastqToSam	Processed   184,000,000 records.  Elapsed time: 00:24:20s.  Time for last 1,000,000:    7s.  Last read position: */*
INFO	2022-04-24 11:16:41	FastqToSam	Processed   185,000,000 records.  Elapsed time: 00:24:28s.  Time for last 1,000,000:    7s.  Last read position: */*
INFO	2022-04-24 11:16:49	FastqToSam	Processed   186,000,000 records.  Elapsed time: 00:24:35s.  Time for last 1,000,000:    7s.  Last read position: */*
INFO	2022-04-24 11:16:57	FastqToSam	Processed   187,000,000 records.  Elapsed time: 00:24:43s.  Time for last 1,000,000:    7s.  Last read position: */*
INFO	2022-04-24 11:17:05	FastqToSam	Processed   188,000,000 records.  Elapsed time: 00:24:52s.  Time for last 1,000,000:    8s.  Last read position: */*
INFO	2022-04-24 11:17:13	FastqToSam	Processed   189,000,000 records.  Elapsed time: 00:25:00s.  Time for last 1,000,000:    7s.  Last read position: */*
INFO	2022-04-24 11:17:22	FastqToSam	Processed   190,000,000 records.  Elapsed time: 00:25:08s.  Time for last 1,000,000:    8s.  Last read position: */*
INFO	2022-04-24 11:17:30	FastqToSam	Processed   191,000,000 records.  Elapsed time: 00:25:16s.  Time for last 1,000,000:    7s.  Last read position: */*
INFO	2022-04-24 11:17:37	FastqToSam	Processed   192,000,000 records.  Elapsed time: 00:25:24s.  Time for last 1,000,000:    7s.  Last read position: */*
INFO	2022-04-24 11:17:45	FastqToSam	Processed   193,000,000 records.  Elapsed time: 00:25:32s.  Time for last 1,000,000:    7s.  Last read position: */*
INFO	2022-04-24 11:17:53	FastqToSam	Processed   194,000,000 records.  Elapsed time: 00:25:40s.  Time for last 1,000,000:    7s.  Last read position: */*
INFO	2022-04-24 11:18:01	FastqToSam	Processed   195,000,000 records.  Elapsed time: 00:25:47s.  Time for last 1,000,000:    7s.  Last read position: */*
INFO	2022-04-24 11:18:10	FastqToSam	Processed   196,000,000 records.  Elapsed time: 00:25:56s.  Time for last 1,000,000:    8s.  Last read position: */*
INFO	2022-04-24 11:18:18	FastqToSam	Processed   197,000,000 records.  Elapsed time: 00:26:05s.  Time for last 1,000,000:    8s.  Last read position: */*
INFO	2022-04-24 11:18:27	FastqToSam	Processed   198,000,000 records.  Elapsed time: 00:26:13s.  Time for last 1,000,000:    8s.  Last read position: */*
INFO	2022-04-24 11:18:35	FastqToSam	Processed   199,000,000 records.  Elapsed time: 00:26:21s.  Time for last 1,000,000:    7s.  Last read position: */*
INFO	2022-04-24 11:18:42	FastqToSam	Processed   200,000,000 records.  Elapsed time: 00:26:29s.  Time for last 1,000,000:    7s.  Last read position: */*
INFO	2022-04-24 11:18:50	FastqToSam	Processed   201,000,000 records.  Elapsed time: 00:26:37s.  Time for last 1,000,000:    7s.  Last read position: */*
INFO	2022-04-24 11:18:58	FastqToSam	Processed   202,000,000 records.  Elapsed time: 00:26:45s.  Time for last 1,000,000:    7s.  Last read position: */*
INFO	2022-04-24 11:19:07	FastqToSam	Processed   203,000,000 records.  Elapsed time: 00:26:54s.  Time for last 1,000,000:    9s.  Last read position: */*
INFO	2022-04-24 11:19:15	FastqToSam	Processed   204,000,000 records.  Elapsed time: 00:27:02s.  Time for last 1,000,000:    7s.  Last read position: */*
INFO	2022-04-24 11:19:23	FastqToSam	Processed   205,000,000 records.  Elapsed time: 00:27:10s.  Time for last 1,000,000:    8s.  Last read position: */*
INFO	2022-04-24 11:19:31	FastqToSam	Processed   206,000,000 records.  Elapsed time: 00:27:17s.  Time for last 1,000,000:    7s.  Last read position: */*
INFO	2022-04-24 11:19:39	FastqToSam	Processed   207,000,000 records.  Elapsed time: 00:27:25s.  Time for last 1,000,000:    7s.  Last read position: */*
INFO	2022-04-24 11:19:47	FastqToSam	Processed   208,000,000 records.  Elapsed time: 00:27:33s.  Time for last 1,000,000:    7s.  Last read position: */*
INFO	2022-04-24 11:19:55	FastqToSam	Processed   209,000,000 records.  Elapsed time: 00:27:41s.  Time for last 1,000,000:    7s.  Last read position: */*
INFO	2022-04-24 11:20:03	FastqToSam	Processed   210,000,000 records.  Elapsed time: 00:27:49s.  Time for last 1,000,000:    8s.  Last read position: */*
INFO	2022-04-24 11:20:10	FastqToSam	Processed   211,000,000 records.  Elapsed time: 00:27:57s.  Time for last 1,000,000:    7s.  Last read position: */*
INFO	2022-04-24 11:20:18	FastqToSam	Processed   212,000,000 records.  Elapsed time: 00:28:05s.  Time for last 1,000,000:    7s.  Last read position: */*
INFO	2022-04-24 11:20:26	FastqToSam	Processed   213,000,000 records.  Elapsed time: 00:28:13s.  Time for last 1,000,000:    8s.  Last read position: */*
INFO	2022-04-24 11:20:34	FastqToSam	Processed   214,000,000 records.  Elapsed time: 00:28:20s.  Time for last 1,000,000:    7s.  Last read position: */*
INFO	2022-04-24 11:20:42	FastqToSam	Processed   215,000,000 records.  Elapsed time: 00:28:28s.  Time for last 1,000,000:    7s.  Last read position: */*
INFO	2022-04-24 11:20:50	FastqToSam	Processed   216,000,000 records.  Elapsed time: 00:28:36s.  Time for last 1,000,000:    7s.  Last read position: */*
INFO	2022-04-24 11:20:58	FastqToSam	Processed   217,000,000 records.  Elapsed time: 00:28:44s.  Time for last 1,000,000:    8s.  Last read position: */*
INFO	2022-04-24 11:21:06	FastqToSam	Processed   218,000,000 records.  Elapsed time: 00:28:52s.  Time for last 1,000,000:    7s.  Last read position: */*
INFO	2022-04-24 11:21:13	FastqToSam	Processed   219,000,000 records.  Elapsed time: 00:29:00s.  Time for last 1,000,000:    7s.  Last read position: */*
INFO	2022-04-24 11:21:21	FastqToSam	Processed   220,000,000 records.  Elapsed time: 00:29:08s.  Time for last 1,000,000:    7s.  Last read position: */*
INFO	2022-04-24 11:21:29	FastqToSam	Processed   221,000,000 records.  Elapsed time: 00:29:16s.  Time for last 1,000,000:    8s.  Last read position: */*
INFO	2022-04-24 11:21:37	FastqToSam	Processed   222,000,000 records.  Elapsed time: 00:29:24s.  Time for last 1,000,000:    7s.  Last read position: */*
INFO	2022-04-24 11:21:45	FastqToSam	Processed   223,000,000 records.  Elapsed time: 00:29:32s.  Time for last 1,000,000:    7s.  Last read position: */*
INFO	2022-04-24 11:21:53	FastqToSam	Processed   224,000,000 records.  Elapsed time: 00:29:40s.  Time for last 1,000,000:    7s.  Last read position: */*
INFO	2022-04-24 11:22:01	FastqToSam	Processed   225,000,000 records.  Elapsed time: 00:29:47s.  Time for last 1,000,000:    7s.  Last read position: */*
INFO	2022-04-24 11:22:09	FastqToSam	Processed   226,000,000 records.  Elapsed time: 00:29:55s.  Time for last 1,000,000:    8s.  Last read position: */*
INFO	2022-04-24 11:22:17	FastqToSam	Processed   227,000,000 records.  Elapsed time: 00:30:03s.  Time for last 1,000,000:    7s.  Last read position: */*
INFO	2022-04-24 11:22:25	FastqToSam	Processed   228,000,000 records.  Elapsed time: 00:30:11s.  Time for last 1,000,000:    7s.  Last read position: */*
INFO	2022-04-24 11:22:33	FastqToSam	Processed   229,000,000 records.  Elapsed time: 00:30:19s.  Time for last 1,000,000:    8s.  Last read position: */*
INFO	2022-04-24 11:22:41	FastqToSam	Processed   230,000,000 records.  Elapsed time: 00:30:28s.  Time for last 1,000,000:    8s.  Last read position: */*
INFO	2022-04-24 11:22:49	FastqToSam	Processed   231,000,000 records.  Elapsed time: 00:30:35s.  Time for last 1,000,000:    7s.  Last read position: */*
INFO	2022-04-24 11:22:57	FastqToSam	Processed   232,000,000 records.  Elapsed time: 00:30:43s.  Time for last 1,000,000:    7s.  Last read position: */*
INFO	2022-04-24 11:23:04	FastqToSam	Processed   233,000,000 records.  Elapsed time: 00:30:51s.  Time for last 1,000,000:    7s.  Last read position: */*
INFO	2022-04-24 11:23:12	FastqToSam	Processed   234,000,000 records.  Elapsed time: 00:30:59s.  Time for last 1,000,000:    7s.  Last read position: */*
INFO	2022-04-24 11:23:20	FastqToSam	Processed   235,000,000 records.  Elapsed time: 00:31:07s.  Time for last 1,000,000:    7s.  Last read position: */*
INFO	2022-04-24 11:23:28	FastqToSam	Processed   236,000,000 records.  Elapsed time: 00:31:14s.  Time for last 1,000,000:    7s.  Last read position: */*
INFO	2022-04-24 11:23:36	FastqToSam	Processed   237,000,000 records.  Elapsed time: 00:31:23s.  Time for last 1,000,000:    8s.  Last read position: */*
INFO	2022-04-24 11:23:44	FastqToSam	Processed   238,000,000 records.  Elapsed time: 00:31:30s.  Time for last 1,000,000:    7s.  Last read position: */*
INFO	2022-04-24 11:23:52	FastqToSam	Processed   239,000,000 records.  Elapsed time: 00:31:38s.  Time for last 1,000,000:    7s.  Last read position: */*
INFO	2022-04-24 11:23:59	FastqToSam	Processed   240,000,000 records.  Elapsed time: 00:31:46s.  Time for last 1,000,000:    7s.  Last read position: */*
INFO	2022-04-24 11:24:07	FastqToSam	Processed   241,000,000 records.  Elapsed time: 00:31:54s.  Time for last 1,000,000:    7s.  Last read position: */*
INFO	2022-04-24 11:24:15	FastqToSam	Processed   242,000,000 records.  Elapsed time: 00:32:02s.  Time for last 1,000,000:    7s.  Last read position: */*
INFO	2022-04-24 11:24:23	FastqToSam	Processed   243,000,000 records.  Elapsed time: 00:32:10s.  Time for last 1,000,000:    7s.  Last read position: */*
INFO	2022-04-24 11:24:31	FastqToSam	Processed   244,000,000 records.  Elapsed time: 00:32:17s.  Time for last 1,000,000:    7s.  Last read position: */*
INFO	2022-04-24 11:24:39	FastqToSam	Processed   245,000,000 records.  Elapsed time: 00:32:26s.  Time for last 1,000,000:    8s.  Last read position: */*
INFO	2022-04-24 11:24:47	FastqToSam	Processed   246,000,000 records.  Elapsed time: 00:32:34s.  Time for last 1,000,000:    7s.  Last read position: */*
INFO	2022-04-24 11:24:55	FastqToSam	Processed   247,000,000 records.  Elapsed time: 00:32:42s.  Time for last 1,000,000:    7s.  Last read position: */*
INFO	2022-04-24 11:25:03	FastqToSam	Processed   248,000,000 records.  Elapsed time: 00:32:49s.  Time for last 1,000,000:    7s.  Last read position: */*
INFO	2022-04-24 11:25:11	FastqToSam	Processed   249,000,000 records.  Elapsed time: 00:32:57s.  Time for last 1,000,000:    7s.  Last read position: */*
INFO	2022-04-24 11:25:18	FastqToSam	Processed   250,000,000 records.  Elapsed time: 00:33:05s.  Time for last 1,000,000:    7s.  Last read position: */*
INFO	2022-04-24 11:25:26	FastqToSam	Processed   251,000,000 records.  Elapsed time: 00:33:13s.  Time for last 1,000,000:    7s.  Last read position: */*
INFO	2022-04-24 11:25:34	FastqToSam	Processed   252,000,000 records.  Elapsed time: 00:33:21s.  Time for last 1,000,000:    7s.  Last read position: */*
INFO	2022-04-24 11:25:42	FastqToSam	Processed   253,000,000 records.  Elapsed time: 00:33:29s.  Time for last 1,000,000:    8s.  Last read position: */*
INFO	2022-04-24 11:25:50	FastqToSam	Processed   254,000,000 records.  Elapsed time: 00:33:37s.  Time for last 1,000,000:    7s.  Last read position: */*
INFO	2022-04-24 11:25:58	FastqToSam	Processed   255,000,000 records.  Elapsed time: 00:33:45s.  Time for last 1,000,000:    7s.  Last read position: */*
INFO	2022-04-24 11:26:06	FastqToSam	Processed   256,000,000 records.  Elapsed time: 00:33:52s.  Time for last 1,000,000:    7s.  Last read position: */*
INFO	2022-04-24 11:26:14	FastqToSam	Processed   257,000,000 records.  Elapsed time: 00:34:00s.  Time for last 1,000,000:    7s.  Last read position: */*
INFO	2022-04-24 11:26:21	FastqToSam	Processed   258,000,000 records.  Elapsed time: 00:34:08s.  Time for last 1,000,000:    7s.  Last read position: */*
INFO	2022-04-24 11:26:29	FastqToSam	Processed   259,000,000 records.  Elapsed time: 00:34:16s.  Time for last 1,000,000:    7s.  Last read position: */*
INFO	2022-04-24 11:26:37	FastqToSam	Processed   260,000,000 records.  Elapsed time: 00:34:24s.  Time for last 1,000,000:    7s.  Last read position: */*
INFO	2022-04-24 11:26:45	FastqToSam	Processed   261,000,000 records.  Elapsed time: 00:34:31s.  Time for last 1,000,000:    7s.  Last read position: */*
INFO	2022-04-24 11:26:52	FastqToSam	Processed   262,000,000 records.  Elapsed time: 00:34:39s.  Time for last 1,000,000:    7s.  Last read position: */*
INFO	2022-04-24 11:27:00	FastqToSam	Processed   263,000,000 records.  Elapsed time: 00:34:47s.  Time for last 1,000,000:    7s.  Last read position: */*
INFO	2022-04-24 11:27:08	FastqToSam	Processed   264,000,000 records.  Elapsed time: 00:34:55s.  Time for last 1,000,000:    7s.  Last read position: */*
INFO	2022-04-24 11:27:16	FastqToSam	Processed   265,000,000 records.  Elapsed time: 00:35:03s.  Time for last 1,000,000:    7s.  Last read position: */*
INFO	2022-04-24 11:27:24	FastqToSam	Processed   266,000,000 records.  Elapsed time: 00:35:10s.  Time for last 1,000,000:    7s.  Last read position: */*
INFO	2022-04-24 11:27:31	FastqToSam	Processed   267,000,000 records.  Elapsed time: 00:35:18s.  Time for last 1,000,000:    7s.  Last read position: */*
INFO	2022-04-24 11:27:39	FastqToSam	Processed   268,000,000 records.  Elapsed time: 00:35:26s.  Time for last 1,000,000:    7s.  Last read position: */*
INFO	2022-04-24 11:27:48	FastqToSam	Processed   269,000,000 records.  Elapsed time: 00:35:34s.  Time for last 1,000,000:    8s.  Last read position: */*
INFO	2022-04-24 11:27:56	FastqToSam	Processed   270,000,000 records.  Elapsed time: 00:35:42s.  Time for last 1,000,000:    7s.  Last read position: */*
INFO	2022-04-24 11:28:03	FastqToSam	Processed   271,000,000 records.  Elapsed time: 00:35:50s.  Time for last 1,000,000:    7s.  Last read position: */*
INFO	2022-04-24 11:28:11	FastqToSam	Processed   272,000,000 records.  Elapsed time: 00:35:58s.  Time for last 1,000,000:    7s.  Last read position: */*
INFO	2022-04-24 11:28:19	FastqToSam	Processed   273,000,000 records.  Elapsed time: 00:36:06s.  Time for last 1,000,000:    7s.  Last read position: */*
INFO	2022-04-24 11:28:27	FastqToSam	Processed   274,000,000 records.  Elapsed time: 00:36:14s.  Time for last 1,000,000:    7s.  Last read position: */*
INFO	2022-04-24 11:28:35	FastqToSam	Processed   275,000,000 records.  Elapsed time: 00:36:22s.  Time for last 1,000,000:    7s.  Last read position: */*
INFO	2022-04-24 11:28:44	FastqToSam	Processed   276,000,000 records.  Elapsed time: 00:36:30s.  Time for last 1,000,000:    8s.  Last read position: */*
INFO	2022-04-24 11:28:52	FastqToSam	Processed   277,000,000 records.  Elapsed time: 00:36:38s.  Time for last 1,000,000:    7s.  Last read position: */*
INFO	2022-04-24 11:28:59	FastqToSam	Processed   278,000,000 records.  Elapsed time: 00:36:46s.  Time for last 1,000,000:    7s.  Last read position: */*
INFO	2022-04-24 11:29:07	FastqToSam	Processed   279,000,000 records.  Elapsed time: 00:36:54s.  Time for last 1,000,000:    7s.  Last read position: */*
INFO	2022-04-24 11:29:15	FastqToSam	Processed   280,000,000 records.  Elapsed time: 00:37:02s.  Time for last 1,000,000:    7s.  Last read position: */*
INFO	2022-04-24 11:29:23	FastqToSam	Processed   281,000,000 records.  Elapsed time: 00:37:09s.  Time for last 1,000,000:    7s.  Last read position: */*
INFO	2022-04-24 11:29:30	FastqToSam	Processed   282,000,000 records.  Elapsed time: 00:37:17s.  Time for last 1,000,000:    7s.  Last read position: */*
INFO	2022-04-24 11:29:38	FastqToSam	Processed   283,000,000 records.  Elapsed time: 00:37:25s.  Time for last 1,000,000:    7s.  Last read position: */*
INFO	2022-04-24 11:29:46	FastqToSam	Processed   284,000,000 records.  Elapsed time: 00:37:33s.  Time for last 1,000,000:    7s.  Last read position: */*
INFO	2022-04-24 11:29:54	FastqToSam	Processed   285,000,000 records.  Elapsed time: 00:37:41s.  Time for last 1,000,000:    7s.  Last read position: */*
INFO	2022-04-24 11:30:02	FastqToSam	Processed   286,000,000 records.  Elapsed time: 00:37:49s.  Time for last 1,000,000:    7s.  Last read position: */*
INFO	2022-04-24 11:30:10	FastqToSam	Processed   287,000,000 records.  Elapsed time: 00:37:56s.  Time for last 1,000,000:    7s.  Last read position: */*
INFO	2022-04-24 11:30:17	FastqToSam	Processed   288,000,000 records.  Elapsed time: 00:38:04s.  Time for last 1,000,000:    7s.  Last read position: */*
INFO	2022-04-24 11:30:25	FastqToSam	Processed   289,000,000 records.  Elapsed time: 00:38:12s.  Time for last 1,000,000:    7s.  Last read position: */*
INFO	2022-04-24 11:30:33	FastqToSam	Processed   290,000,000 records.  Elapsed time: 00:38:19s.  Time for last 1,000,000:    7s.  Last read position: */*
INFO	2022-04-24 11:30:40	FastqToSam	Processed   291,000,000 records.  Elapsed time: 00:38:27s.  Time for last 1,000,000:    7s.  Last read position: */*
INFO	2022-04-24 11:30:48	FastqToSam	Processed   292,000,000 records.  Elapsed time: 00:38:35s.  Time for last 1,000,000:    7s.  Last read position: */*
INFO	2022-04-24 11:30:56	FastqToSam	Processed   293,000,000 records.  Elapsed time: 00:38:43s.  Time for last 1,000,000:    7s.  Last read position: */*
INFO	2022-04-24 11:31:04	FastqToSam	Processed   294,000,000 records.  Elapsed time: 00:38:50s.  Time for last 1,000,000:    7s.  Last read position: */*
INFO	2022-04-24 11:31:11	FastqToSam	Processed   295,000,000 records.  Elapsed time: 00:38:58s.  Time for last 1,000,000:    7s.  Last read position: */*
INFO	2022-04-24 11:31:19	FastqToSam	Processed   296,000,000 records.  Elapsed time: 00:39:06s.  Time for last 1,000,000:    7s.  Last read position: */*
INFO	2022-04-24 11:31:27	FastqToSam	Processed   297,000,000 records.  Elapsed time: 00:39:14s.  Time for last 1,000,000:    7s.  Last read position: */*
INFO	2022-04-24 11:31:35	FastqToSam	Processed   298,000,000 records.  Elapsed time: 00:39:21s.  Time for last 1,000,000:    7s.  Last read position: */*
INFO	2022-04-24 11:31:42	FastqToSam	Processed   299,000,000 records.  Elapsed time: 00:39:29s.  Time for last 1,000,000:    7s.  Last read position: */*
INFO	2022-04-24 11:31:50	FastqToSam	Processed   300,000,000 records.  Elapsed time: 00:39:37s.  Time for last 1,000,000:    7s.  Last read position: */*
INFO	2022-04-24 11:31:58	FastqToSam	Processed   301,000,000 records.  Elapsed time: 00:39:45s.  Time for last 1,000,000:    8s.  Last read position: */*
INFO	2022-04-24 11:32:06	FastqToSam	Processed   302,000,000 records.  Elapsed time: 00:39:53s.  Time for last 1,000,000:    7s.  Last read position: */*
INFO	2022-04-24 11:32:14	FastqToSam	Processed   303,000,000 records.  Elapsed time: 00:40:00s.  Time for last 1,000,000:    7s.  Last read position: */*
INFO	2022-04-24 11:32:22	FastqToSam	Processed   304,000,000 records.  Elapsed time: 00:40:08s.  Time for last 1,000,000:    7s.  Last read position: */*
INFO	2022-04-24 11:32:29	FastqToSam	Processed   305,000,000 records.  Elapsed time: 00:40:16s.  Time for last 1,000,000:    7s.  Last read position: */*
INFO	2022-04-24 11:32:37	FastqToSam	Processed   306,000,000 records.  Elapsed time: 00:40:24s.  Time for last 1,000,000:    7s.  Last read position: */*
INFO	2022-04-24 11:32:45	FastqToSam	Processed   307,000,000 records.  Elapsed time: 00:40:31s.  Time for last 1,000,000:    7s.  Last read position: */*
INFO	2022-04-24 11:32:52	FastqToSam	Processed   308,000,000 records.  Elapsed time: 00:40:39s.  Time for last 1,000,000:    7s.  Last read position: */*
INFO	2022-04-24 11:33:00	FastqToSam	Processed   309,000,000 records.  Elapsed time: 00:40:46s.  Time for last 1,000,000:    7s.  Last read position: */*
INFO	2022-04-24 11:33:08	FastqToSam	Processed   310,000,000 records.  Elapsed time: 00:40:54s.  Time for last 1,000,000:    7s.  Last read position: */*
INFO	2022-04-24 11:33:15	FastqToSam	Processed   311,000,000 records.  Elapsed time: 00:41:02s.  Time for last 1,000,000:    7s.  Last read position: */*
INFO	2022-04-24 11:33:23	FastqToSam	Processed   312,000,000 records.  Elapsed time: 00:41:09s.  Time for last 1,000,000:    7s.  Last read position: */*
INFO	2022-04-24 11:33:30	FastqToSam	Processed   313,000,000 records.  Elapsed time: 00:41:17s.  Time for last 1,000,000:    7s.  Last read position: */*
INFO	2022-04-24 11:33:38	FastqToSam	Processed   314,000,000 records.  Elapsed time: 00:41:25s.  Time for last 1,000,000:    7s.  Last read position: */*
INFO	2022-04-24 11:33:46	FastqToSam	Processed   315,000,000 records.  Elapsed time: 00:41:32s.  Time for last 1,000,000:    7s.  Last read position: */*
INFO	2022-04-24 11:33:53	FastqToSam	Processed   316,000,000 records.  Elapsed time: 00:41:40s.  Time for last 1,000,000:    7s.  Last read position: */*
INFO	2022-04-24 11:34:03	FastqToSam	Processed   317,000,000 records.  Elapsed time: 00:41:50s.  Time for last 1,000,000:    9s.  Last read position: */*
INFO	2022-04-24 11:34:11	FastqToSam	Processed   318,000,000 records.  Elapsed time: 00:41:57s.  Time for last 1,000,000:    7s.  Last read position: */*
INFO	2022-04-24 11:34:18	FastqToSam	Processed   319,000,000 records.  Elapsed time: 00:42:05s.  Time for last 1,000,000:    7s.  Last read position: */*
INFO	2022-04-24 11:34:34	FastqToSam	Processed   320,000,000 records.  Elapsed time: 00:42:21s.  Time for last 1,000,000:   15s.  Last read position: */*
INFO	2022-04-24 11:34:42	FastqToSam	Processed   321,000,000 records.  Elapsed time: 00:42:29s.  Time for last 1,000,000:    7s.  Last read position: */*
INFO	2022-04-24 11:34:50	FastqToSam	Processed   322,000,000 records.  Elapsed time: 00:42:36s.  Time for last 1,000,000:    7s.  Last read position: */*
INFO	2022-04-24 11:34:58	FastqToSam	Processed   323,000,000 records.  Elapsed time: 00:42:45s.  Time for last 1,000,000:    8s.  Last read position: */*
INFO	2022-04-24 11:35:06	FastqToSam	Processed   324,000,000 records.  Elapsed time: 00:42:53s.  Time for last 1,000,000:    7s.  Last read position: */*
INFO	2022-04-24 11:35:14	FastqToSam	Processed   325,000,000 records.  Elapsed time: 00:43:00s.  Time for last 1,000,000:    7s.  Last read position: */*
INFO	2022-04-24 11:35:21	FastqToSam	Processed   326,000,000 records.  Elapsed time: 00:43:08s.  Time for last 1,000,000:    7s.  Last read position: */*
INFO	2022-04-24 11:35:29	FastqToSam	Processed   327,000,000 records.  Elapsed time: 00:43:16s.  Time for last 1,000,000:    7s.  Last read position: */*
INFO	2022-04-24 11:35:37	FastqToSam	Processed   328,000,000 records.  Elapsed time: 00:43:23s.  Time for last 1,000,000:    7s.  Last read position: */*
INFO	2022-04-24 11:35:44	FastqToSam	Processed   329,000,000 records.  Elapsed time: 00:43:31s.  Time for last 1,000,000:    7s.  Last read position: */*
INFO	2022-04-24 11:35:52	FastqToSam	Processed   330,000,000 records.  Elapsed time: 00:43:39s.  Time for last 1,000,000:    7s.  Last read position: */*
INFO	2022-04-24 11:36:00	FastqToSam	Processed   331,000,000 records.  Elapsed time: 00:43:47s.  Time for last 1,000,000:    7s.  Last read position: */*
INFO	2022-04-24 11:36:08	FastqToSam	Processed   332,000,000 records.  Elapsed time: 00:43:54s.  Time for last 1,000,000:    7s.  Last read position: */*
INFO	2022-04-24 11:36:15	FastqToSam	Processed   333,000,000 records.  Elapsed time: 00:44:02s.  Time for last 1,000,000:    7s.  Last read position: */*
INFO	2022-04-24 11:36:23	FastqToSam	Processed   334,000,000 records.  Elapsed time: 00:44:10s.  Time for last 1,000,000:    7s.  Last read position: */*
INFO	2022-04-24 11:36:31	FastqToSam	Processed   335,000,000 records.  Elapsed time: 00:44:17s.  Time for last 1,000,000:    7s.  Last read position: */*
INFO	2022-04-24 11:36:38	FastqToSam	Processed   336,000,000 records.  Elapsed time: 00:44:25s.  Time for last 1,000,000:    7s.  Last read position: */*
INFO	2022-04-24 11:36:46	FastqToSam	Processed   337,000,000 records.  Elapsed time: 00:44:33s.  Time for last 1,000,000:    7s.  Last read position: */*
INFO	2022-04-24 11:36:54	FastqToSam	Processed   338,000,000 records.  Elapsed time: 00:44:40s.  Time for last 1,000,000:    7s.  Last read position: */*
INFO	2022-04-24 11:37:02	FastqToSam	Processed   339,000,000 records.  Elapsed time: 00:44:48s.  Time for last 1,000,000:    7s.  Last read position: */*
INFO	2022-04-24 11:37:10	FastqToSam	Processed   340,000,000 records.  Elapsed time: 00:44:57s.  Time for last 1,000,000:    8s.  Last read position: */*
INFO	2022-04-24 11:37:18	FastqToSam	Processed   341,000,000 records.  Elapsed time: 00:45:05s.  Time for last 1,000,000:    7s.  Last read position: */*
INFO	2022-04-24 11:37:26	FastqToSam	Processed   342,000,000 records.  Elapsed time: 00:45:13s.  Time for last 1,000,000:    7s.  Last read position: */*
INFO	2022-04-24 11:37:34	FastqToSam	Processed   343,000,000 records.  Elapsed time: 00:45:20s.  Time for last 1,000,000:    7s.  Last read position: */*
INFO	2022-04-24 11:37:41	FastqToSam	Processed   344,000,000 records.  Elapsed time: 00:45:28s.  Time for last 1,000,000:    7s.  Last read position: */*
INFO	2022-04-24 11:37:49	FastqToSam	Processed   345,000,000 records.  Elapsed time: 00:45:35s.  Time for last 1,000,000:    7s.  Last read position: */*
INFO	2022-04-24 11:37:57	FastqToSam	Processed   346,000,000 records.  Elapsed time: 00:45:43s.  Time for last 1,000,000:    7s.  Last read position: */*
INFO	2022-04-24 11:38:04	FastqToSam	Processed   347,000,000 records.  Elapsed time: 00:45:51s.  Time for last 1,000,000:    7s.  Last read position: */*
INFO	2022-04-24 11:38:12	FastqToSam	Processed   348,000,000 records.  Elapsed time: 00:45:59s.  Time for last 1,000,000:    7s.  Last read position: */*
INFO	2022-04-24 11:38:20	FastqToSam	Processed   349,000,000 records.  Elapsed time: 00:46:07s.  Time for last 1,000,000:    7s.  Last read position: */*
INFO	2022-04-24 11:38:28	FastqToSam	Processed   350,000,000 records.  Elapsed time: 00:46:15s.  Time for last 1,000,000:    7s.  Last read position: */*
INFO	2022-04-24 11:38:36	FastqToSam	Processed   351,000,000 records.  Elapsed time: 00:46:22s.  Time for last 1,000,000:    7s.  Last read position: */*
INFO	2022-04-24 11:38:43	FastqToSam	Processed   352,000,000 records.  Elapsed time: 00:46:30s.  Time for last 1,000,000:    7s.  Last read position: */*
INFO	2022-04-24 11:38:51	FastqToSam	Processed   353,000,000 records.  Elapsed time: 00:46:38s.  Time for last 1,000,000:    7s.  Last read position: */*
INFO	2022-04-24 11:38:59	FastqToSam	Processed   354,000,000 records.  Elapsed time: 00:46:45s.  Time for last 1,000,000:    7s.  Last read position: */*
INFO	2022-04-24 11:39:07	FastqToSam	Processed   355,000,000 records.  Elapsed time: 00:46:54s.  Time for last 1,000,000:    8s.  Last read position: */*
INFO	2022-04-24 11:39:16	FastqToSam	Processed   356,000,000 records.  Elapsed time: 00:47:02s.  Time for last 1,000,000:    8s.  Last read position: */*
INFO	2022-04-24 11:39:24	FastqToSam	Processed   357,000,000 records.  Elapsed time: 00:47:10s.  Time for last 1,000,000:    7s.  Last read position: */*
INFO	2022-04-24 11:39:31	FastqToSam	Processed   358,000,000 records.  Elapsed time: 00:47:18s.  Time for last 1,000,000:    7s.  Last read position: */*
INFO	2022-04-24 11:39:39	FastqToSam	Processed   359,000,000 records.  Elapsed time: 00:47:26s.  Time for last 1,000,000:    7s.  Last read position: */*
INFO	2022-04-24 11:39:47	FastqToSam	Processed   360,000,000 records.  Elapsed time: 00:47:33s.  Time for last 1,000,000:    7s.  Last read position: */*
INFO	2022-04-24 11:39:55	FastqToSam	Processed   361,000,000 records.  Elapsed time: 00:47:41s.  Time for last 1,000,000:    7s.  Last read position: */*
INFO	2022-04-24 11:40:02	FastqToSam	Processed   362,000,000 records.  Elapsed time: 00:47:49s.  Time for last 1,000,000:    7s.  Last read position: */*
INFO	2022-04-24 11:40:11	FastqToSam	Processed   363,000,000 records.  Elapsed time: 00:47:57s.  Time for last 1,000,000:    8s.  Last read position: */*
INFO	2022-04-24 11:40:19	FastqToSam	Processed   364,000,000 records.  Elapsed time: 00:48:06s.  Time for last 1,000,000:    8s.  Last read position: */*
INFO	2022-04-24 11:40:27	FastqToSam	Processed   365,000,000 records.  Elapsed time: 00:48:13s.  Time for last 1,000,000:    7s.  Last read position: */*
INFO	2022-04-24 11:40:34	FastqToSam	Processed   366,000,000 records.  Elapsed time: 00:48:21s.  Time for last 1,000,000:    7s.  Last read position: */*
INFO	2022-04-24 11:40:42	FastqToSam	Processed   367,000,000 records.  Elapsed time: 00:48:29s.  Time for last 1,000,000:    7s.  Last read position: */*
INFO	2022-04-24 11:40:50	FastqToSam	Processed   368,000,000 records.  Elapsed time: 00:48:36s.  Time for last 1,000,000:    7s.  Last read position: */*
INFO	2022-04-24 11:40:57	FastqToSam	Processed   369,000,000 records.  Elapsed time: 00:48:44s.  Time for last 1,000,000:    7s.  Last read position: */*
INFO	2022-04-24 11:41:05	FastqToSam	Processed   370,000,000 records.  Elapsed time: 00:48:52s.  Time for last 1,000,000:    7s.  Last read position: */*
INFO	2022-04-24 11:41:14	FastqToSam	Processed   371,000,000 records.  Elapsed time: 00:49:01s.  Time for last 1,000,000:    9s.  Last read position: */*
INFO	2022-04-24 11:41:22	FastqToSam	Processed   372,000,000 records.  Elapsed time: 00:49:08s.  Time for last 1,000,000:    7s.  Last read position: */*
INFO	2022-04-24 11:41:29	FastqToSam	Processed   373,000,000 records.  Elapsed time: 00:49:16s.  Time for last 1,000,000:    7s.  Last read position: */*
INFO	2022-04-24 11:41:37	FastqToSam	Processed   374,000,000 records.  Elapsed time: 00:49:23s.  Time for last 1,000,000:    7s.  Last read position: */*
INFO	2022-04-24 11:41:44	FastqToSam	Processed   375,000,000 records.  Elapsed time: 00:49:31s.  Time for last 1,000,000:    7s.  Last read position: */*
INFO	2022-04-24 11:41:52	FastqToSam	Processed   376,000,000 records.  Elapsed time: 00:49:39s.  Time for last 1,000,000:    7s.  Last read position: */*
INFO	2022-04-24 11:42:00	FastqToSam	Processed   377,000,000 records.  Elapsed time: 00:49:46s.  Time for last 1,000,000:    7s.  Last read position: */*
INFO	2022-04-24 11:42:07	FastqToSam	Processed   378,000,000 records.  Elapsed time: 00:49:54s.  Time for last 1,000,000:    7s.  Last read position: */*
INFO	2022-04-24 11:42:15	FastqToSam	Processed   379,000,000 records.  Elapsed time: 00:50:02s.  Time for last 1,000,000:    7s.  Last read position: */*
INFO	2022-04-24 11:42:23	FastqToSam	Processed   380,000,000 records.  Elapsed time: 00:50:09s.  Time for last 1,000,000:    7s.  Last read position: */*
INFO	2022-04-24 11:42:30	FastqToSam	Processed   381,000,000 records.  Elapsed time: 00:50:17s.  Time for last 1,000,000:    7s.  Last read position: */*
INFO	2022-04-24 11:42:38	FastqToSam	Processed   382,000,000 records.  Elapsed time: 00:50:25s.  Time for last 1,000,000:    7s.  Last read position: */*
INFO	2022-04-24 11:42:46	FastqToSam	Processed   383,000,000 records.  Elapsed time: 00:50:32s.  Time for last 1,000,000:    7s.  Last read position: */*
INFO	2022-04-24 11:42:53	FastqToSam	Processed   384,000,000 records.  Elapsed time: 00:50:40s.  Time for last 1,000,000:    7s.  Last read position: */*
INFO	2022-04-24 11:43:01	FastqToSam	Processed   385,000,000 records.  Elapsed time: 00:50:47s.  Time for last 1,000,000:    7s.  Last read position: */*
INFO	2022-04-24 11:43:09	FastqToSam	Processed   386,000,000 records.  Elapsed time: 00:50:55s.  Time for last 1,000,000:    7s.  Last read position: */*
INFO	2022-04-24 11:43:16	FastqToSam	Processed   387,000,000 records.  Elapsed time: 00:51:03s.  Time for last 1,000,000:    7s.  Last read position: */*
INFO	2022-04-24 11:43:24	FastqToSam	Processed   388,000,000 records.  Elapsed time: 00:51:11s.  Time for last 1,000,000:    7s.  Last read position: */*
INFO	2022-04-24 11:43:32	FastqToSam	Processed   389,000,000 records.  Elapsed time: 00:51:18s.  Time for last 1,000,000:    7s.  Last read position: */*
INFO	2022-04-24 11:43:39	FastqToSam	Processed   390,000,000 records.  Elapsed time: 00:51:26s.  Time for last 1,000,000:    7s.  Last read position: */*
[Sun Apr 24 11:43:43 UTC 2022] picard.sam.FastqToSam done. Elapsed time: 51.51 minutes.
Runtime.totalMemory()=760283136
To get help, see http://broadinstitute.github.io/picard/index.html#GettingHelp
Exception in thread "main" htsjdk.samtools.SAMException: Quality header must start with +: @A00354:742:HNF53DSX3:4:2309:9227:31720 2:N:0:AAGGCGTA+GCGGATGG at line 780664949 in fastq /storage1/fs1/aadel/Active/abul/EM-seq_yale_cfDNA_1st_batch/portal-us.medgenome.com/P2003746_04072022/FASTQ/YUBIFO-15-3368_R2.fastq.gz
	at htsjdk.samtools.fastq.FastqReader.readNextRecord(FastqReader.java:121)
	at htsjdk.samtools.fastq.FastqReader.next(FastqReader.java:152)
	at picard.sam.FastqToSam.doPaired(FastqToSam.java:399)
	at picard.sam.FastqToSam.makeItSo(FastqToSam.java:374)
	at picard.sam.FastqToSam.doWork(FastqToSam.java:347)
	at picard.cmdline.CommandLineProgram.instanceMain(CommandLineProgram.java:295)
	at picard.cmdline.PicardCommandLine.instanceMain(PicardCommandLine.java:103)
	at picard.cmdline.PicardCommandLine.main(PicardCommandLine.java:113)

------------------------------------------------------------
Sender: LSF System <lsfadmin@compute1-exec-188.ris.wustl.edu>
Subject: Job 725042: <picard FastqToSam F1=/storage1/fs1/aadel/Active/abul/EM-seq_yale_cfDNA_1st_batch/portal-us.medgenome.com/P2003746_04072022/FASTQ/YUBIFO-15-3368_R1.fastq.gz F2=/storage1/fs1/aadel/Active/abul/EM-seq_yale_cfDNA_1st_batch/portal-us.medgenome.com/P2003746_04072022/FASTQ/YUBIFO-15-3368_R2.fastq.gz O=/storage1/fs1/aadel/Active/abul/EM-seq_yale_cfDNA_1st_batch/bamfiles/bamfiles_allbams/YUBIFO-15-3368/YUBIFO-15-3368.bam SM=YUBIFO-15-3368 TMP_DIR=/storage1/fs1/aadel/Active/abul/TempForbamfiles> in cluster <compute1-lsf> Exited

Job <picard FastqToSam F1=/storage1/fs1/aadel/Active/abul/EM-seq_yale_cfDNA_1st_batch/portal-us.medgenome.com/P2003746_04072022/FASTQ/YUBIFO-15-3368_R1.fastq.gz F2=/storage1/fs1/aadel/Active/abul/EM-seq_yale_cfDNA_1st_batch/portal-us.medgenome.com/P2003746_04072022/FASTQ/YUBIFO-15-3368_R2.fastq.gz O=/storage1/fs1/aadel/Active/abul/EM-seq_yale_cfDNA_1st_batch/bamfiles/bamfiles_allbams/YUBIFO-15-3368/YUBIFO-15-3368.bam SM=YUBIFO-15-3368 TMP_DIR=/storage1/fs1/aadel/Active/abul/TempForbamfiles> was submitted from host <compute1-client-1.ris.wustl.edu> by user <ausmani> in cluster <compute1-lsf> at Sat Apr 23 16:22:40 2022
Job was executed on host(s) <compute1-exec-188.ris.wustl.edu>, in queue <general>, as user <ausmani> in cluster <compute1-lsf> at Sun Apr 24 05:52:06 2022
</home/abulusmani> was used as the home directory.
</storage1/fs1/aadel/Active/abul> was used as the working directory.
Started at Sun Apr 24 05:52:06 2022
Terminated at Sun Apr 24 06:43:52 2022
Results reported at Sun Apr 24 06:43:52 2022

Your job looked like:

------------------------------------------------------------
# LSBATCH: User input
picard FastqToSam F1=/storage1/fs1/aadel/Active/abul/EM-seq_yale_cfDNA_1st_batch/portal-us.medgenome.com/P2003746_04072022/FASTQ/YUBIFO-15-3368_R1.fastq.gz F2=/storage1/fs1/aadel/Active/abul/EM-seq_yale_cfDNA_1st_batch/portal-us.medgenome.com/P2003746_04072022/FASTQ/YUBIFO-15-3368_R2.fastq.gz O=/storage1/fs1/aadel/Active/abul/EM-seq_yale_cfDNA_1st_batch/bamfiles/bamfiles_allbams/YUBIFO-15-3368/YUBIFO-15-3368.bam SM=YUBIFO-15-3368 TMP_DIR=/storage1/fs1/aadel/Active/abul/TempForbamfiles
------------------------------------------------------------

Exited with exit code 1.

Resource usage summary:

    CPU time :                                   12.37 sec.
    Max Memory :                                 43 MB
    Average Memory :                             9.10 MB
    Total Requested Memory :                     48000.00 MB
    Delta Memory :                               47957.00 MB
    Max Swap :                                   -
    Max Processes :                              8
    Max Threads :                                48
    Run time :                                   3107 sec.
    Turnaround time :                            51672 sec.

The output (if any) is above this job summary.

